c:\users\lenovo\desktop\rogtest\evilmonk\evilmonk\release\vc142.pdb
c:\users\lenovo\desktop\rogtest\evilmonk\evilmonk\release\main.obj
c:\users\lenovo\desktop\rogtest\evilmonk\evilmonk\release\utility.obj
c:\users\lenovo\desktop\rogtest\evilmonk\evilmonk\release\rng.obj
c:\users\lenovo\desktop\rogtest\evilmonk\evilmonk\release\direction.obj
c:\users\lenovo\desktop\rogtest\evilmonk\evilmonk\release\map.obj
c:\users\lenovo\desktop\rogtest\evilmonk\evilmonk\release\spaceship.obj
c:\users\lenovo\desktop\rogtest\evilmonk\evilmonk\release\room.obj
c:\users\lenovo\desktop\rogtest\evilmonk\evilmonk\release\generator.obj
c:\users\lenovo\desktop\rogtest\evilmonk\evilmonk\release\forest.obj
c:\users\lenovo\desktop\rogtest\evilmonk\evilmonk\release\dungeon.obj
c:\users\lenovo\desktop\rogtest\evilmonk\evilmonk\release\cave.obj
c:\users\lenovo\desktop\rogtest\evilmonk\evilmonk\release\windowshelper.obj
c:\users\lenovo\desktop\rogtest\evilmonk\evilmonk\release\tilemap.obj
c:\users\lenovo\desktop\rogtest\evilmonk\evilmonk\release\application.obj
c:\users\lenovo\desktop\rogtest\evilmonk\release\evilmonk.ipdb
c:\users\lenovo\desktop\rogtest\evilmonk\release\evilmonk.iobj
c:\users\lenovo\desktop\rogtest\evilmonk\release\evilmonk.exe
c:\users\lenovo\desktop\rogtest\evilmonk\release\evilmonk.pdb
c:\users\lenovo\desktop\rogtest\evilmonk\evilmonk\release\evilmonk.tlog\cl.command.1.tlog
c:\users\lenovo\desktop\rogtest\evilmonk\evilmonk\release\evilmonk.tlog\cl.read.1.tlog
c:\users\lenovo\desktop\rogtest\evilmonk\evilmonk\release\evilmonk.tlog\cl.write.1.tlog
c:\users\lenovo\desktop\rogtest\evilmonk\evilmonk\release\evilmonk.tlog\evilmonk.write.1u.tlog
c:\users\lenovo\desktop\rogtest\evilmonk\evilmonk\release\evilmonk.tlog\link.command.1.tlog
c:\users\lenovo\desktop\rogtest\evilmonk\evilmonk\release\evilmonk.tlog\link.read.1.tlog
c:\users\lenovo\desktop\rogtest\evilmonk\evilmonk\release\evilmonk.tlog\link.write.1.tlog
